\BOOKMARK [1][-]{section.1}{Introduction}{}
\BOOKMARK [1][-]{section.2}{Usage}{}
\BOOKMARK [1][-]{section.3}{Comparison with Other Packages}{}
\BOOKMARK [1][-]{section.4}{Typesetting Cross-References}{}
\BOOKMARK [1][-]{section.5}{Sorting and Compressing}{}
\BOOKMARK [1][-]{section.6}{Overriding the Cross-Reference Type}{}
\BOOKMARK [1][-]{section.7}{Options that Modify the Cross-Reference Format}{}
\BOOKMARK [2][-]{subsection.7.1}{Capitalising All Cross-Reference Names}{section.7}
\BOOKMARK [2][-]{subsection.7.2}{Including Names in Hyperlink Targets}{section.7}
\BOOKMARK [2][-]{subsection.7.3}{Avoiding Abbreviations in Cross-Reference Names}{section.7}
\BOOKMARK [1][-]{section.8}{Customising the Cross-Reference Formats}{}
\BOOKMARK [2][-]{subsection.8.1}{Customising the Cross-Reference Components}{section.8}
\BOOKMARK [3][-]{subsubsection.8.1.1}{Global Customisation}{subsection.8.1}
\BOOKMARK [3][-]{subsubsection.8.1.2}{Customising Individual Cross-Reference Types}{subsection.8.1}
\BOOKMARK [3][-]{subsubsection.8.1.3}{Automatic \134newtheorem Definitions}{subsection.8.1}
\BOOKMARK [2][-]{subsection.8.2}{Low-Level Customisation: Taking Full Control}{section.8}
\BOOKMARK [3][-]{subsubsection.8.2.1}{Single Cross-References}{subsection.8.2}
\BOOKMARK [3][-]{subsubsection.8.2.2}{Reference Ranges}{subsection.8.2}
\BOOKMARK [3][-]{subsubsection.8.2.3}{Multiple Cross-References}{subsection.8.2}
\BOOKMARK [3][-]{subsubsection.8.2.4}{Label Cross-References}{subsection.8.2}
\BOOKMARK [1][-]{section.9}{Advanced Cross-Reference Formating}{}
\BOOKMARK [1][-]{section.10}{Language, babel and polyglossia support}{}
\BOOKMARK [1][-]{section.11}{The cleveref.cfg File}{}
\BOOKMARK [1][-]{section.12}{Poor Man's cleveref}{}
\BOOKMARK [1][-]{section.13}{Interaction with Other Packages}{}
\BOOKMARK [1][-]{section.14}{Known Bugs, Non-Bugs, and Possible}{}
\BOOKMARK [2][-]{subsection.14.1}{Non-Bugs}{section.14}
\BOOKMARK [2][-]{subsection.14.2}{Known Bugs and Work-Arounds}{section.14}
\BOOKMARK [2][-]{subsection.14.3}{Possible New Features and Improvements}{section.14}
\BOOKMARK [1][-]{section.15}{Thanks}{}
\BOOKMARK [1][-]{section.16}{Implementation}{}
\BOOKMARK [2][-]{subsection.16.1}{Redefinitions of LaTeX Kernel Macros}{section.16}
\BOOKMARK [2][-]{subsection.16.2}{Utility Macros}{section.16}
\BOOKMARK [3][-]{subsubsection.16.2.1}{miscellaneous}{subsection.16.2}
\BOOKMARK [3][-]{subsubsection.16.2.2}{aux file information}{subsection.16.2}
\BOOKMARK [3][-]{subsubsection.16.2.3}{Stack data structures}{subsection.16.2}
\BOOKMARK [3][-]{subsubsection.16.2.4}{Sorting and comparison of counters}{subsection.16.2}
\BOOKMARK [3][-]{subsubsection.16.2.5}{Reference stack processing}{subsection.16.2}
\BOOKMARK [3][-]{subsubsection.16.2.6}{Prefix-stripping}{subsection.16.2}
\BOOKMARK [2][-]{subsection.16.3}{Cross-Referencing Commands}{section.16}
\BOOKMARK [2][-]{subsection.16.4}{Page-Referencing Commands}{section.16}
\BOOKMARK [2][-]{subsection.16.5}{Reference Format Customisation Commands}{section.16}
\BOOKMARK [3][-]{subsubsection.16.5.1}{Format component commands}{subsection.16.5}
\BOOKMARK [3][-]{subsubsection.16.5.2}{Format definition commands}{subsection.16.5}
\BOOKMARK [2][-]{subsection.16.6}{Support for Other Packages}{section.16}
\BOOKMARK [3][-]{subsubsection.16.6.1}{hyperref support}{subsection.16.6}
\BOOKMARK [3][-]{subsubsection.16.6.2}{revtex4 and revtex4-1 support}{subsection.16.6}
\BOOKMARK [3][-]{subsubsection.16.6.3}{varioref support}{subsection.16.6}
\BOOKMARK [3][-]{subsubsection.16.6.4}{amsmath support}{subsection.16.6}
\BOOKMARK [3][-]{subsubsection.16.6.5}{amsthm support}{subsection.16.6}
\BOOKMARK [3][-]{subsubsection.16.6.6}{ntheorem support}{subsection.16.6}
\BOOKMARK [3][-]{subsubsection.16.6.7}{IEEEtrantools support}{subsection.16.6}
\BOOKMARK [3][-]{subsubsection.16.6.8}{breqn support}{subsection.16.6}
\BOOKMARK [3][-]{subsubsection.16.6.9}{algorithmicx support}{subsection.16.6}
\BOOKMARK [3][-]{subsubsection.16.6.10}{listings support}{subsection.16.6}
\BOOKMARK [3][-]{subsubsection.16.6.11}{algorithm2e support}{subsection.16.6}
\BOOKMARK [3][-]{subsubsection.16.6.12}{subfig support}{subsection.16.6}
\BOOKMARK [3][-]{subsubsection.16.6.13}{memoir subfig support}{subsection.16.6}
\BOOKMARK [3][-]{subsubsection.16.6.14}{caption support}{subsection.16.6}
\BOOKMARK [3][-]{subsubsection.16.6.15}{aliascnt support}{subsection.16.6}
\BOOKMARK [2][-]{subsection.16.7}{Poor Man's cleveref}{section.16}
\BOOKMARK [2][-]{subsection.16.8}{Sort and Compress Options}{section.16}
\BOOKMARK [2][-]{subsection.16.9}{Capitalise Option}{section.16}
\BOOKMARK [2][-]{subsection.16.10}{Nameinlink Option}{section.16}
\BOOKMARK [2][-]{subsection.16.11}{Noabbrev Option}{section.16}
\BOOKMARK [2][-]{subsection.16.12}{Language and babel Support}{section.16}
\BOOKMARK [3][-]{subsubsection.16.12.1}{English}{subsection.16.12}
\BOOKMARK [3][-]{subsubsection.16.12.2}{German}{subsection.16.12}
\BOOKMARK [3][-]{subsubsection.16.12.3}{Dutch}{subsection.16.12}
\BOOKMARK [3][-]{subsubsection.16.12.4}{French}{subsection.16.12}
\BOOKMARK [3][-]{subsubsection.16.12.5}{Spanish}{subsection.16.12}
\BOOKMARK [3][-]{subsubsection.16.12.6}{Italian}{subsection.16.12}
\BOOKMARK [3][-]{subsubsection.16.12.7}{Russian}{subsection.16.12}
\BOOKMARK [3][-]{subsubsection.16.12.8}{Ukrainian}{subsection.16.12}
\BOOKMARK [3][-]{subsubsection.16.12.9}{Norwegian}{subsection.16.12}
\BOOKMARK [3][-]{subsubsection.16.12.10}{Danish}{subsection.16.12}
\BOOKMARK [3][-]{subsubsection.16.12.11}{Esperanto}{subsection.16.12}
\BOOKMARK [3][-]{subsubsection.16.12.12}{Swedish}{subsection.16.12}
\BOOKMARK [3][-]{subsubsection.16.12.13}{Brazilian}{subsection.16.12}
\BOOKMARK [2][-]{subsection.16.13}{Default Cross-Reference Formats}{section.16}
\BOOKMARK [2][-]{subsection.16.14}{cleveref.cfg Config File}{section.16}
